<?xml version="1.0" encoding="UTF-8"?>
<testsuite xmlns:xsi="http://www.w3.org/2001/XMLSchema-instance" xsi:noNamespaceSchemaLocation="https://maven.apache.org/surefire/maven-surefire-plugin/xsd/surefire-test-report-3.0.xsd" version="3.0" name="com.example.chat.ChatApplicationTests" time="2.056" tests="1" errors="0" skipped="0" failures="0">
  <properties>
[...]
</properties>
  <testcase name="contextLoads" classname="com.example.chat.ChatApplicationTests" time="0.708">
    <system-out><![CDATA[15:27:42.045 [main] INFO org.springframework.test.context.support.AnnotationConfigContextLoaderUtils -- Could not detect default configuration classes for test class [com.example.chat.ChatApplicationTests]: ChatApplicationTests does not declare any static, non-private, non-final, nested classes annotated with @Configuration.
15:27:42.112 [main] INFO org.springframework.boot.test.context.SpringBootTestContextBootstrapper -- Found @SpringBootConfiguration com.example.chat.ChatApplication for test class com.example.chat.ChatApplicationTests

  .   ____          _            __ _ _
 /\\ / ___'_ __ _ _(_)_ __  __ _ \ \ \ \
( ( )\___ | '_ | '_| | '_ \/ _` | \ \ \ \
 \\/  ___)| |_)| | | | | || (_| |  ) ) ) )
  '  |____| .__|_| |_|_| |_\__, | / / / /
 =========|_|==============|___/=/_/_/_/
 :: Spring Boot ::                (v3.2.5)

2024-05-17T15:27:42.399-03:00  INFO 27321 --- [chat] [           main] com.example.chat.ChatApplicationTests    : Starting ChatApplicationTests using Java 21.0.3 with PID 27321 (started by fran in /home/fran/Documents/code/chat/server)
2024-05-17T15:27:42.401-03:00  INFO 27321 --- [chat] [           main] com.example.chat.ChatApplicationTests    : No active profile set, falling back to 1 default profile: "default"
2024-05-17T15:27:43.008-03:00 DEBUG 27321 --- [chat] [           main] o.s.w.s.s.s.WebSocketHandlerMapping      : Patterns [/ws/**] in 'stompWebSocketHandlerMapping'
2024-05-17T15:27:43.051-03:00 DEBUG 27321 --- [chat] [           main] .WebSocketAnnotationMethodMessageHandler : 
	c.e.c.c.ChatController:
	{[MESSAGE],[/send/{room}]}: sendMessageToRoom(String,String)
2024-05-17T15:27:43.053-03:00 DEBUG 27321 --- [chat] [           main] .WebSocketAnnotationMethodMessageHandler : 
	c.e.c.c.SubscriptionsController:
	{[MESSAGE],[/subscribe/{room}]}: subscribeToRoom(String)
	{[MESSAGE],[/unsubscribe/{room}]}: unsubscribeToRoom(String)
2024-05-17T15:27:43.057-03:00 DEBUG 27321 --- [chat] [           main] .WebSocketAnnotationMethodMessageHandler : 
	o.s.b.a.w.s.e.BasicErrorController:
	
2024-05-17T15:27:43.258-03:00  INFO 27321 --- [chat] [           main] o.s.m.s.b.SimpleBrokerMessageHandler     : Starting...
2024-05-17T15:27:43.260-03:00  INFO 27321 --- [chat] [           main] o.s.m.s.b.SimpleBrokerMessageHandler     : BrokerAvailabilityEvent[available=true, SimpleBrokerMessageHandler [org.springframework.messaging.simp.broker.DefaultSubscriptionRegistry@3e8b3b79]]
2024-05-17T15:27:43.260-03:00  INFO 27321 --- [chat] [           main] o.s.m.s.b.SimpleBrokerMessageHandler     : Started.
2024-05-17T15:27:43.266-03:00  INFO 27321 --- [chat] [           main] com.example.chat.ChatApplicationTests    : Started ChatApplicationTests in 1.071 seconds (process running for 1.71)
]]></system-out>
    <system-err><![CDATA[WARNING: A Java agent has been loaded dynamically (/home/fran/.m2/repository/net/bytebuddy/byte-buddy-agent/1.14.13/byte-buddy-agent-1.14.13.jar)
WARNING: If a serviceability tool is in use, please run with -XX:+EnableDynamicAgentLoading to hide this warning
WARNING: If a serviceability tool is not in use, please run with -Djdk.instrument.traceUsage for more information
WARNING: Dynamic loading of agents will be disallowed by default in a future release
]]></system-err>
  </testcase>
</testsuite>